2017-08-23 16:09 +08:00: Error: listen EADDRINUSE :::3000
    at Object.exports._errnoException (util.js:1022:11)
    at exports._exceptionWithHostPort (util.js:1045:20)
    at Server.setupListenHandle [as _listen2] (net.js:1315:14)
    at listenInCluster (net.js:1363:12)
    at Server.listen (net.js:1463:7)
    at Application.listen (E:\httishere\view-koa\node_modules\koa\lib\application.js:65:26)
    at E:\httishere\view-koa\app.js:50:13
    at E:\httishere\view-koa\node_modules\mongoose\lib\connection.js:766:19
    at connectCallback (E:\httishere\view-koa\node_modules\mongodb\lib\mongo_client.js:515:5)
    at E:\httishere\view-koa\node_modules\mongodb\lib\mongo_client.js:430:11
    at _combinedTickCallback (internal/process/next_tick.js:95:7)
    at process._tickDomainCallback (internal/process/next_tick.js:198:9)
2017-08-23 16:09 +08:00: Error: listen EADDRINUSE :::3000
    at Object.exports._errnoException (util.js:1022:11)
    at exports._exceptionWithHostPort (util.js:1045:20)
    at Server.setupListenHandle [as _listen2] (net.js:1315:14)
    at listenInCluster (net.js:1363:12)
    at Server.listen (net.js:1463:7)
    at Application.listen (E:\httishere\view-koa\node_modules\koa\lib\application.js:65:26)
    at E:\httishere\view-koa\app.js:50:13
    at E:\httishere\view-koa\node_modules\mongoose\lib\connection.js:766:19
    at connectCallback (E:\httishere\view-koa\node_modules\mongodb\lib\mongo_client.js:515:5)
    at E:\httishere\view-koa\node_modules\mongodb\lib\mongo_client.js:430:11
    at _combinedTickCallback (internal/process/next_tick.js:95:7)
    at process._tickDomainCallback (internal/process/next_tick.js:198:9)
2017-08-23 16:09 +08:00: Error: listen EADDRINUSE :::3000
    at Object.exports._errnoException (util.js:1022:11)
    at exports._exceptionWithHostPort (util.js:1045:20)
    at Server.setupListenHandle [as _listen2] (net.js:1315:14)
    at listenInCluster (net.js:1363:12)
    at Server.listen (net.js:1463:7)
    at Application.listen (E:\httishere\view-koa\node_modules\koa\lib\application.js:65:26)
    at E:\httishere\view-koa\app.js:50:13
    at E:\httishere\view-koa\node_modules\mongoose\lib\connection.js:766:19
    at connectCallback (E:\httishere\view-koa\node_modules\mongodb\lib\mongo_client.js:515:5)
    at E:\httishere\view-koa\node_modules\mongodb\lib\mongo_client.js:430:11
    at _combinedTickCallback (internal/process/next_tick.js:95:7)
    at process._tickDomainCallback (internal/process/next_tick.js:198:9)
2017-08-23 16:09 +08:00: Error: listen EADDRINUSE :::3000
    at Object.exports._errnoException (util.js:1022:11)
    at exports._exceptionWithHostPort (util.js:1045:20)
    at Server.setupListenHandle [as _listen2] (net.js:1315:14)
    at listenInCluster (net.js:1363:12)
    at Server.listen (net.js:1463:7)
    at Application.listen (E:\httishere\view-koa\node_modules\koa\lib\application.js:65:26)
    at E:\httishere\view-koa\app.js:50:13
    at E:\httishere\view-koa\node_modules\mongoose\lib\connection.js:766:19
    at connectCallback (E:\httishere\view-koa\node_modules\mongodb\lib\mongo_client.js:515:5)
    at E:\httishere\view-koa\node_modules\mongodb\lib\mongo_client.js:430:11
    at _combinedTickCallback (internal/process/next_tick.js:95:7)
    at process._tickDomainCallback (internal/process/next_tick.js:198:9)
2017-08-23 16:09 +08:00: Error: listen EADDRINUSE :::3000
    at Object.exports._errnoException (util.js:1022:11)
    at exports._exceptionWithHostPort (util.js:1045:20)
    at Server.setupListenHandle [as _listen2] (net.js:1315:14)
    at listenInCluster (net.js:1363:12)
    at Server.listen (net.js:1463:7)
    at Application.listen (E:\httishere\view-koa\node_modules\koa\lib\application.js:65:26)
    at E:\httishere\view-koa\app.js:50:13
    at E:\httishere\view-koa\node_modules\mongoose\lib\connection.js:766:19
    at connectCallback (E:\httishere\view-koa\node_modules\mongodb\lib\mongo_client.js:515:5)
    at E:\httishere\view-koa\node_modules\mongodb\lib\mongo_client.js:430:11
    at _combinedTickCallback (internal/process/next_tick.js:95:7)
    at process._tickDomainCallback (internal/process/next_tick.js:198:9)
2017-08-23 16:09 +08:00: Error: listen EADDRINUSE :::3000
    at Object.exports._errnoException (util.js:1022:11)
    at exports._exceptionWithHostPort (util.js:1045:20)
    at Server.setupListenHandle [as _listen2] (net.js:1315:14)
    at listenInCluster (net.js:1363:12)
    at Server.listen (net.js:1463:7)
    at Application.listen (E:\httishere\view-koa\node_modules\koa\lib\application.js:65:26)
    at E:\httishere\view-koa\app.js:50:13
    at E:\httishere\view-koa\node_modules\mongoose\lib\connection.js:766:19
    at connectCallback (E:\httishere\view-koa\node_modules\mongodb\lib\mongo_client.js:515:5)
    at E:\httishere\view-koa\node_modules\mongodb\lib\mongo_client.js:430:11
    at _combinedTickCallback (internal/process/next_tick.js:95:7)
    at process._tickDomainCallback (internal/process/next_tick.js:198:9)
2017-08-23 16:09 +08:00: Error: listen EADDRINUSE :::3000
    at Object.exports._errnoException (util.js:1022:11)
    at exports._exceptionWithHostPort (util.js:1045:20)
    at Server.setupListenHandle [as _listen2] (net.js:1315:14)
    at listenInCluster (net.js:1363:12)
    at Server.listen (net.js:1463:7)
    at Application.listen (E:\httishere\view-koa\node_modules\koa\lib\application.js:65:26)
    at E:\httishere\view-koa\app.js:50:13
    at E:\httishere\view-koa\node_modules\mongoose\lib\connection.js:766:19
    at connectCallback (E:\httishere\view-koa\node_modules\mongodb\lib\mongo_client.js:515:5)
    at E:\httishere\view-koa\node_modules\mongodb\lib\mongo_client.js:430:11
    at _combinedTickCallback (internal/process/next_tick.js:95:7)
    at process._tickDomainCallback (internal/process/next_tick.js:198:9)
